c:\work\projects\autohotkey\release\var.obj
c:\work\projects\autohotkey\release\util.obj
c:\work\projects\autohotkey\release\stdafx.obj
c:\work\projects\autohotkey\release\simpleheap.obj
c:\work\projects\autohotkey\release\script_registry.obj
c:\work\projects\autohotkey\release\script_menu.obj
c:\work\projects\autohotkey\release\script_gui.obj
c:\work\projects\autohotkey\release\script_expression.obj
c:\work\projects\autohotkey\release\script_autoit.obj
c:\work\projects\autohotkey\release\script2.obj
c:\work\projects\autohotkey\release\script.obj
c:\work\projects\autohotkey\release\os_version.obj
c:\work\projects\autohotkey\release\mt19937ar-cok.obj
c:\work\projects\autohotkey\release\keyboard_mouse.obj
c:\work\projects\autohotkey\release\hotkey.obj
c:\work\projects\autohotkey\release\hook.obj
c:\work\projects\autohotkey\release\globaldata.obj
c:\work\projects\autohotkey\release\clipboard.obj
c:\work\projects\autohotkey\release\autohotkey.obj
c:\work\projects\autohotkey\release\application.obj
c:\work\projects\autohotkey\release\wingroup.obj
c:\work\projects\autohotkey\release\window.obj
c:\work\projects\autohotkey\release\autohotkey.exe
c:\work\projects\autohotkey\release\autohotkey.exe.intermediate.manifest
c:\work\projects\autohotkey\release\autohotkey.exe.manifest
c:\work\projects\autohotkey\release\autohotkey.res
c:\work\projects\autohotkey\release\autohotkey.tlog\cl.command.1.tlog
c:\work\projects\autohotkey\release\autohotkey.tlog\cl.read.1.tlog
c:\work\projects\autohotkey\release\autohotkey.tlog\cl.write.1.tlog
c:\work\projects\autohotkey\release\autohotkey.tlog\link.command.1.tlog
c:\work\projects\autohotkey\release\autohotkey.tlog\link.read.1.tlog
c:\work\projects\autohotkey\release\autohotkey.tlog\link.write.1.tlog
c:\work\projects\autohotkey\release\autohotkey.tlog\mt.command.1.tlog
c:\work\projects\autohotkey\release\autohotkey.tlog\mt.read.1.tlog
c:\work\projects\autohotkey\release\autohotkey.tlog\mt.write.1.tlog
c:\work\projects\autohotkey\release\autohotkey.tlog\rc.command.1.tlog
c:\work\projects\autohotkey\release\autohotkey.tlog\rc.read.1.tlog
c:\work\projects\autohotkey\release\autohotkey.tlog\rc.write.1.tlog
