Build started 2014-12-18 18:40:29.
     1>Project "C:\Work\Projects\AutoHotkey\Source\lib_pcre\lib_pcre.vcxproj" on node 2 (Build target(s)).
     1>ClCompile:
         C:\Program Files (x86)\Microsoft Visual Studio 12.0\VC\bin\CL.exe /c /ZI /nologo /W3 /WX- /Od /Oy- /D WIN32 /D _DEBUG /D _LIB /D HAVE_CONFIG_H /D _MBCS /Gm /EHsc /RTC1 /MTd /GS /fp:precise /Zc:wchar_t /Zc:forScope /Fo"Debug\\" /Fd"Debug\vc120.pdb" /Gd /TC /analyze- /errorReport:prompt pcre\pcre_chartables.c pcre\pcre_compile.c pcre\pcre_config.c pcre\pcre_exec.c pcre\pcre_fullinfo.c pcre\pcre_get.c pcre\pcre_globals.c pcre\pcre_newline.c pcre\pcre_refcount.c pcre\pcre_study.c pcre\pcre_tables.c pcre\pcre_try_flipped.c pcre\pcre_version.c
         pcre_version.c
         pcre_try_flipped.c
         pcre_tables.c
         pcre_study.c
         pcre_refcount.c
         pcre_newline.c
         pcre_globals.c
         pcre_get.c
         pcre_fullinfo.c
         pcre_exec.c
         pcre_config.c
         pcre_compile.c
         pcre_chartables.c
         Generating Code...
       Lib:
         C:\Program Files (x86)\Microsoft Visual Studio 12.0\VC\bin\Lib.exe /OUT:"Debug\lib_pcre.lib" /NOLOGO Debug\pcre_chartables.obj
         Debug\pcre_compile.obj
         Debug\pcre_config.obj
         Debug\pcre_exec.obj
         Debug\pcre_fullinfo.obj
         Debug\pcre_get.obj
         Debug\pcre_globals.obj
         Debug\pcre_newline.obj
         Debug\pcre_refcount.obj
         Debug\pcre_study.obj
         Debug\pcre_tables.obj
         Debug\pcre_try_flipped.obj
         Debug\pcre_version.obj
         lib_pcre.vcxproj -> C:\Work\Projects\AutoHotkey\Source\lib_pcre\Debug\lib_pcre.lib
     1>Done Building Project "C:\Work\Projects\AutoHotkey\Source\lib_pcre\lib_pcre.vcxproj" (Build target(s)).

Build succeeded.

Time Elapsed 00:00:05.15
