c:\work\projects\autohotkey\source\lib_pcre\release\pcre_version.obj
c:\work\projects\autohotkey\source\lib_pcre\release\pcre_try_flipped.obj
c:\work\projects\autohotkey\source\lib_pcre\release\pcre_tables.obj
c:\work\projects\autohotkey\source\lib_pcre\release\pcre_study.obj
c:\work\projects\autohotkey\source\lib_pcre\release\pcre_refcount.obj
c:\work\projects\autohotkey\source\lib_pcre\release\pcre_newline.obj
c:\work\projects\autohotkey\source\lib_pcre\release\pcre_globals.obj
c:\work\projects\autohotkey\source\lib_pcre\release\pcre_get.obj
c:\work\projects\autohotkey\source\lib_pcre\release\pcre_fullinfo.obj
c:\work\projects\autohotkey\source\lib_pcre\release\pcre_exec.obj
c:\work\projects\autohotkey\source\lib_pcre\release\pcre_config.obj
c:\work\projects\autohotkey\source\lib_pcre\release\pcre_compile.obj
c:\work\projects\autohotkey\source\lib_pcre\release\pcre_chartables.obj
c:\work\projects\autohotkey\source\lib_pcre\release\lib_pcre.lib
c:\work\projects\autohotkey\source\lib_pcre\release\lib_pcre.tlog\cl.command.1.tlog
c:\work\projects\autohotkey\source\lib_pcre\release\lib_pcre.tlog\cl.read.1.tlog
c:\work\projects\autohotkey\source\lib_pcre\release\lib_pcre.tlog\cl.write.1.tlog
c:\work\projects\autohotkey\source\lib_pcre\release\lib_pcre.tlog\lib-link.read.1.tlog
c:\work\projects\autohotkey\source\lib_pcre\release\lib_pcre.tlog\lib-link.write.1.tlog
c:\work\projects\autohotkey\source\lib_pcre\release\lib_pcre.tlog\lib.command.1.tlog
