Build started 2014-12-18 19:04:48.
     1>Project "C:\Work\Projects\AutoHotkey\Source\lib_pcre\lib_pcre.vcxproj" on node 2 (Rebuild target(s)).
     1>ClCompile:
         C:\Program Files (x86)\Microsoft Visual Studio 12.0\VC\bin\CL.exe /c /nologo /W3 /WX- /O1 /Oi /Os /Oy /D WIN32 /D NDEBUG /D _LIB /D HAVE_CONFIG_H /D _MBCS /GF /Gm- /MT /GS- /Gy /fp:precise /Zc:wchar_t /Zc:forScope /Fo"Release\\" /Fd"Release\vc120.pdb" /Gd /TC /analyze- /errorReport:prompt pcre\pcre_chartables.c pcre\pcre_compile.c pcre\pcre_config.c pcre\pcre_exec.c pcre\pcre_fullinfo.c pcre\pcre_get.c pcre\pcre_globals.c pcre\pcre_newline.c pcre\pcre_refcount.c pcre\pcre_study.c pcre\pcre_tables.c pcre\pcre_try_flipped.c pcre\pcre_version.c
         pcre_chartables.c
         pcre_compile.c
         pcre_config.c
         pcre_exec.c
         pcre_fullinfo.c
         pcre_get.c
         pcre_globals.c
         pcre_newline.c
         pcre_refcount.c
         pcre_study.c
         pcre_tables.c
         pcre_try_flipped.c
         pcre_version.c
         Generating Code...
       Lib:
         C:\Program Files (x86)\Microsoft Visual Studio 12.0\VC\bin\Lib.exe /OUT:"Release\lib_pcre.lib" /NOLOGO /NODEFAULTLIB /NODEFAULTLIB:LibCMT /NODEFAULTLIB:MSVCrt Release\pcre_chartables.obj
         Release\pcre_compile.obj
         Release\pcre_config.obj
         Release\pcre_exec.obj
         Release\pcre_fullinfo.obj
         Release\pcre_get.obj
         Release\pcre_globals.obj
         Release\pcre_newline.obj
         Release\pcre_refcount.obj
         Release\pcre_study.obj
         Release\pcre_tables.obj
         Release\pcre_try_flipped.obj
         Release\pcre_version.obj
         lib_pcre.vcxproj -> C:\Work\Projects\AutoHotkey\Source\lib_pcre\Release\lib_pcre.lib
     1>Done Building Project "C:\Work\Projects\AutoHotkey\Source\lib_pcre\lib_pcre.vcxproj" (Rebuild target(s)).

Build succeeded.

Time Elapsed 00:00:01.07
